::::::::::::::::::::::::::::::::
hello.cpp.log
::::::::::::::::::::::::::::::::
     1	@@@@@@@@@@@@@@@@@@@@@@@@@@@@@@@@ mkc: starting hello.cpp
     2	hello.cpp:
     3	     $Id: hello.cpp,v 1.10 2016-03-24 17:33:55-07 - - $
     4	g++ -g -O0 -Wall -Wextra -rdynamic -std=gnu++14 hello.cpp
     5		-o hello -lglut -lGLU -lGL -lX11 -lrt -lm
     6	rm -f hello.o
     7	@@@@@@@@@@@@@@@@@@@@@@@@@@@@@@@@ mkc: finished hello.cpp
::::::::::::::::::::::::::::::::
hello.out
::::::::::::::::::::::::::::::::
     1	Hello, world!
::::::::::::::::::::::::::::::::
hello.err
::::::::::::::::::::::::::::::::
::::::::::::::::::::::::::::::::
hello.exit
::::::::::::::::::::::::::::::::
     1	EXIT STATUS = 0
