==15192== Memcheck, a memory error detector
==15192== Copyright (C) 2002-2013, and GNU GPL'd, by Julian Seward et al.
==15192== Using Valgrind-3.10.1 and LibVEX; rerun with -h for copyright info
==15192== Command: iterintvec
==15192== 
99
iterintvec::at
99 1234
99 99
 0 0 0 99 0 0 0 0 0 0
 0 0 0 99 0 0 0 0 0 0
 0 0 0 99 0 0 0 0 0 0
==15192== 
==15192== HEAP SUMMARY:
==15192==     in use at exit: 0 bytes in 0 blocks
==15192==   total heap usage: 6 allocs, 6 frees, 319 bytes allocated
==15192== 
==15192== All heap blocks were freed -- no leaks are possible
==15192== 
==15192== For counts of detected and suppressed errors, rerun with: -v
==15192== ERROR SUMMARY: 0 errors from 0 contexts (suppressed: 1 from 1)
