==20979== Memcheck, a memory error detector
==20979== Copyright (C) 2002-2013, and GNU GPL'd, by Julian Seward et al.
==20979== Using Valgrind-3.9.0 and LibVEX; rerun with -h for copyright info
==20979== Command: inheritance2
==20979== 
main[129]: sizeof (object) = 16
main[130]: sizeof (square) = 24
main[131]: sizeof (circle) = 24
object[57]: Create: [0x4e7d090->object] id=1: 
circle[110]: Create: [0x4e7d090->circle] id=1: circle: diameter=0
object[57]: Create: [0x4e7d300->object] id=2: 
circle[110]: Create: [0x4e7d300->circle] id=2: circle: diameter=10
object[57]: Create: [0x4e7d580->object] id=3: 
square[84]: Create: [0x4e7d580->square] id=3: square: width=0
object[57]: Create: [0x4e7d820->object] id=4: 
square[84]: Create: [0x4e7d820->square] id=4: square: width=5
object[57]: Create: [0x4e7da40->object] id=5: 
square[84]: Create: [0x4e7da40->square] id=5: square: width=8

main[144]: Object: [0x4e7d090->circle] id=1: circle: diameter=0
main[144]: Object: [0x4e7d300->circle] id=2: circle: diameter=10
main[144]: Object: [0x4e7d580->square] id=3: square: width=0
main[144]: Object: [0x4e7d820->square] id=4: square: width=5
main[144]: Object: [0x4e7da40->square] id=5: square: width=8

main[148]: return 0
~circle[114]: Delete: [0x4e7d090->circle] id=1: circle: diameter=0
~object[61]: Delete: [0x4e7d090->object] id=1: 
~circle[114]: Delete: [0x4e7d300->circle] id=2: circle: diameter=10
~object[61]: Delete: [0x4e7d300->object] id=2: 
~square[88]: Delete: [0x4e7d580->square] id=3: square: width=0
~object[61]: Delete: [0x4e7d580->object] id=3: 
~square[88]: Delete: [0x4e7d820->square] id=4: square: width=5
~object[61]: Delete: [0x4e7d820->object] id=4: 
~square[88]: Delete: [0x4e7da40->square] id=5: square: width=8
~object[61]: Delete: [0x4e7da40->object] id=5: 
==20979== 
==20979== HEAP SUMMARY:
==20979==     in use at exit: 0 bytes in 0 blocks
==20979==   total heap usage: 65 allocs, 65 frees, 1,464 bytes allocated
==20979== 
==20979== All heap blocks were freed -- no leaks are possible
==20979== 
==20979== For counts of detected and suppressed errors, rerun with: -v
==20979== ERROR SUMMARY: 0 errors from 0 contexts (suppressed: 6 from 6)
