==26358== Memcheck, a memory error detector
==26358== Copyright (C) 2002-2013, and GNU GPL'd, by Julian Seward et al.
==26358== Using Valgrind-3.10.1 and LibVEX; rerun with -h for copyright info
==26358== Command: inherit c c10 s s15 x
==26358== 
c:
c10:
s:
s15:
x:
shape(1): circle radius 0, area 0, circum 0
shape(2): circle radius 10, area 314.159, circum 62.8319
shape(3): square side 0, area 0, circum 0
shape(4): square side 15, area 225, circum 60
shape(5): nothing , area 0, circum 0
==26358== 
==26358== HEAP SUMMARY:
==26358==     in use at exit: 0 bytes in 0 blocks
==26358==   total heap usage: 23 allocs, 23 frees, 870 bytes allocated
==26358== 
==26358== All heap blocks were freed -- no leaks are possible
==26358== 
==26358== For counts of detected and suppressed errors, rerun with: -v
==26358== ERROR SUMMARY: 0 errors from 0 contexts (suppressed: 1 from 1)
