==2915== Memcheck, a memory error detector
==2915== Copyright (C) 2002-2013, and GNU GPL'd, by Julian Seward et al.
==2915== Using Valgrind-3.10.1 and LibVEX; rerun with -h for copyright info
==2915== Command: ./yshell
==2915== 
yshell: Bad: no such function
yshell: Error: directory not found
yshell: Error: directory not found
yshell: Error: directory not found
yshell: Too many args
==2915== 
==2915== HEAP SUMMARY:
==2915==     in use at exit: 319 bytes in 7 blocks
==2915==   total heap usage: 265 allocs, 258 frees, 9,544 bytes allocated
==2915== 
==2915== 319 (48 direct, 271 indirect) bytes in 1 blocks are definitely lost in loss record 7 of 7
==2915==    at 0x4C2A0C5: operator new(unsigned long) (in /opt/rh/devtoolset-3/root/usr/lib64/valgrind/vgpreload_memcheck-amd64-linux.so)
==2915==    by 0x415AE6: __gnu_cxx::new_allocator<std::_Sp_counted_ptr_inplace<inode, std::allocator<inode>, (__gnu_cxx::_Lock_policy)2> >::allocate(unsigned long, void const*) (new_allocator.h:104)
==2915==    by 0x4154DF: std::allocator_traits<std::allocator<std::_Sp_counted_ptr_inplace<inode, std::allocator<inode>, (__gnu_cxx::_Lock_policy)2> > >::allocate(std::allocator<std::_Sp_counted_ptr_inplace<inode, std::allocator<inode>, (__gnu_cxx::_Lock_policy)2> >&, unsigned long) (alloc_traits.h:357)
==2915==    by 0x414A0B: std::__shared_count<(__gnu_cxx::_Lock_policy)2>::__shared_count<inode, std::allocator<inode>, file_type>(std::_Sp_make_shared_tag, inode*, std::allocator<inode> const&, file_type&&) (shared_ptr_base.h:616)
==2915==    by 0x413B95: std::__shared_ptr<inode, (__gnu_cxx::_Lock_policy)2>::__shared_ptr<std::allocator<inode>, file_type>(std::_Sp_make_shared_tag, std::allocator<inode> const&, file_type&&) (shared_ptr_base.h:1090)
==2915==    by 0x4129D1: std::shared_ptr<inode>::shared_ptr<std::allocator<inode>, file_type>(std::_Sp_make_shared_tag, std::allocator<inode> const&, file_type&&) (shared_ptr.h:316)
==2915==    by 0x411AE3: std::shared_ptr<inode> std::allocate_shared<inode, std::allocator<inode>, file_type>(std::allocator<inode> const&, file_type&&) (shared_ptr.h:588)
==2915==    by 0x410EBA: _ZSt11make_sharedI5inodeI9file_typeEESt10shared_ptrIT_EDpOT0_ (shared_ptr.h:604)
==2915==    by 0x40D040: inode_state::inode_state() (file_sys.cpp:42)
==2915==    by 0x417AF5: main (main.cpp:58)
==2915== 
==2915== LEAK SUMMARY:
==2915==    definitely lost: 48 bytes in 1 blocks
==2915==    indirectly lost: 271 bytes in 6 blocks
==2915==      possibly lost: 0 bytes in 0 blocks
==2915==    still reachable: 0 bytes in 0 blocks
==2915==         suppressed: 0 bytes in 0 blocks
==2915== 
==2915== For counts of detected and suppressed errors, rerun with: -v
==2915== ERROR SUMMARY: 1 errors from 1 contexts (suppressed: 1 from 1)
